<?xml version="1.0" encoding="UTF-8"?>
<testsuite name="com.junit.UserRegistrationTest" tests="1" skipped="0" failures="0" errors="0" timestamp="2022-03-11T12:35:03" hostname="DESKTOP-617Q1NQ" time="0.077">
  <properties/>
  <testcase name="firstName_IsValid_FailTest()" classname="com.junit.UserRegistrationTest" time="0.077"/>
  <system-out><![CDATA[]]></system-out>
  <system-err><![CDATA[]]></system-err>
</testsuite>
